
  .   ____          _            __ _ _
 /\\ / ___'_ __ _ _(_)_ __  __ _ \ \ \ \
( ( )\___ | '_ | '_| | '_ \/ _` | \ \ \ \
 \\/  ___)| |_)| | | | | || (_| |  ) ) ) )
  '  |____| .__|_| |_|_| |_\__, | / / / /
 =========|_|==============|___/=/_/_/_/
 :: Spring Boot ::                (v3.2.4)

2026-04-05T19:58:00.080+05:30  INFO 15520 --- [smart-queue-management-system] [           main] c.ijse.smartqueue.SmartQueueApplication  : Starting SmartQueueApplication v0.0.1-SNAPSHOT using Java 17.0.12 with PID 15520 (C:\Users\WSR\Desktop\react 1\k4\queue m2\Online-Queue-Registration-Backend-JAVA-SPRINGBOOT\target\smart-queue-0.0.1-SNAPSHOT.jar started by WSR in C:\Users\WSR\Desktop\react 1\k4\queue m2\Online-Queue-Registration-Backend-JAVA-SPRINGBOOT)
2026-04-05T19:58:00.086+05:30 DEBUG 15520 --- [smart-queue-management-system] [           main] c.ijse.smartqueue.SmartQueueApplication  : Running with Spring Boot v3.2.4, Spring v6.1.5
2026-04-05T19:58:00.087+05:30  INFO 15520 --- [smart-queue-management-system] [           main] c.ijse.smartqueue.SmartQueueApplication  : No active profile set, falling back to 1 default profile: "default"
2026-04-05T19:58:01.108+05:30  INFO 15520 --- [smart-queue-management-system] [           main] .s.d.r.c.RepositoryConfigurationDelegate : Bootstrapping Spring Data JPA repositories in DEFAULT mode.
2026-04-05T19:58:01.202+05:30  INFO 15520 --- [smart-queue-management-system] [           main] .s.d.r.c.RepositoryConfigurationDelegate : Finished Spring Data repository scanning in 84 ms. Found 12 JPA repository interfaces.
2026-04-05T19:58:01.866+05:30  INFO 15520 --- [smart-queue-management-system] [           main] o.s.b.w.embedded.tomcat.TomcatWebServer  : Tomcat initialized with port 8080 (http)
2026-04-05T19:58:01.881+05:30  INFO 15520 --- [smart-queue-management-system] [           main] o.apache.catalina.core.StandardService   : Starting service [Tomcat]
2026-04-05T19:58:01.907+05:30  INFO 15520 --- [smart-queue-management-system] [           main] o.apache.catalina.core.StandardEngine    : Starting Servlet engine: [Apache Tomcat/10.1.19]
2026-04-05T19:58:01.949+05:30  INFO 15520 --- [smart-queue-management-system] [           main] o.a.c.c.C.[Tomcat].[localhost].[/api]    : Initializing Spring embedded WebApplicationContext
2026-04-05T19:58:01.951+05:30  INFO 15520 --- [smart-queue-management-system] [           main] w.s.c.ServletWebServerApplicationContext : Root WebApplicationContext: initialization completed in 1745 ms
2026-04-05T19:58:01.978+05:30  INFO 15520 --- [smart-queue-management-system] [           main] com.zaxxer.hikari.HikariDataSource       : HikariPool-1 - Starting...
2026-04-05T19:58:02.283+05:30  INFO 15520 --- [smart-queue-management-system] [           main] com.zaxxer.hikari.pool.HikariPool        : HikariPool-1 - Added connection conn0: url=jdbc:h2:mem:smartqueue user=SA
2026-04-05T19:58:02.287+05:30  INFO 15520 --- [smart-queue-management-system] [           main] com.zaxxer.hikari.HikariDataSource       : HikariPool-1 - Start completed.
2026-04-05T19:58:02.298+05:30  INFO 15520 --- [smart-queue-management-system] [           main] o.s.b.a.h2.H2ConsoleAutoConfiguration    : H2 console available at '/h2-console'. Database available at 'jdbc:h2:mem:smartqueue'
2026-04-05T19:58:02.479+05:30  INFO 15520 --- [smart-queue-management-system] [           main] o.hibernate.jpa.internal.util.LogHelper  : HHH000204: Processing PersistenceUnitInfo [name: default]
2026-04-05T19:58:02.571+05:30  INFO 15520 --- [smart-queue-management-system] [           main] org.hibernate.Version                    : HHH000412: Hibernate ORM core version 6.4.4.Final
2026-04-05T19:58:02.629+05:30  INFO 15520 --- [smart-queue-management-system] [           main] o.h.c.internal.RegionFactoryInitiator    : HHH000026: Second-level cache disabled
2026-04-05T19:58:02.945+05:30  INFO 15520 --- [smart-queue-management-system] [           main] o.s.o.j.p.SpringPersistenceUnitInfo      : No LoadTimeWeaver setup: ignoring JPA class transformer
2026-04-05T19:58:03.023+05:30  WARN 15520 --- [smart-queue-management-system] [           main] org.hibernate.orm.deprecation            : HHH90000025: H2Dialect does not need to be specified explicitly using 'hibernate.dialect' (remove the property setting and it will be selected by default)
2026-04-05T19:58:04.306+05:30  INFO 15520 --- [smart-queue-management-system] [           main] o.h.e.t.j.p.i.JtaPlatformInitiator       : HHH000489: No JTA platform available (set 'hibernate.transaction.jta.platform' to enable JTA platform integration)
2026-04-05T19:58:04.344+05:30 DEBUG 15520 --- [smart-queue-management-system] [           main] org.hibernate.SQL                        : 
    create table admin_staff (
        staff_id bigint generated by default as identity,
        created_at timestamp(6) not null,
        email varchar(255) not null,
        is_active boolean not null,
        name varchar(255) not null,
        password varchar(255) not null,
        phone varchar(255),
        role varchar(255) not null check (role in ('ADMIN','MANAGER','SUPERVISOR','OPERATOR')),
        status varchar(255) not null check (status in ('ACTIVE','OFFLINE','ON_BREAK')),
        branch_id bigint not null,
        primary key (staff_id)
    )
2026-04-05T19:58:04.353+05:30 DEBUG 15520 --- [smart-queue-management-system] [           main] org.hibernate.SQL                        : 
    create table branch_services (
        branch_id bigint not null,
        service_id bigint not null
    )
2026-04-05T19:58:04.354+05:30 DEBUG 15520 --- [smart-queue-management-system] [           main] org.hibernate.SQL                        : 
    create table branches (
        branch_id bigint generated by default as identity,
        address varchar(255),
        created_at timestamp(6) not null,
        icon varchar(255),
        is_active boolean not null,
        name varchar(255) not null,
        primary key (branch_id)
    )
2026-04-05T19:58:04.356+05:30 DEBUG 15520 --- [smart-queue-management-system] [           main] org.hibernate.SQL                        : 
    create table crowd_levels (
        crowd_id bigint generated by default as identity,
        avg_wait_time integer not null,
        capacity integer not null,
        created_at timestamp(6) not null,
        last_updated timestamp(6) not null,
        level varchar(255) not null check (level in ('LOW','MEDIUM','HIGH')),
        percentage_filled integer not null,
        total_people_waiting integer not null,
        trend varchar(255) not null check (trend in ('UP','DOWN','STABLE')),
        branch_id bigint not null,
        primary key (crowd_id)
    )
2026-04-05T19:58:04.357+05:30 DEBUG 15520 --- [smart-queue-management-system] [           main] org.hibernate.SQL                        : 
    create table notifications (
        notification_id bigint generated by default as identity,
        created_at timestamp(6) not null,
        message TEXT not null,
        read_flag boolean not null,
        title varchar(255) not null,
        type varchar(255) not null check (type in ('SUCCESS','WARNING','INFO','ALERT')),
        queue_id bigint,
        user_id bigint not null,
        primary key (notification_id)
    )
2026-04-05T19:58:04.358+05:30 DEBUG 15520 --- [smart-queue-management-system] [           main] org.hibernate.SQL                        : 
    create table priority_users (
        priority_id bigint generated by default as identity,
        activated_at timestamp(6) not null,
        benefits TEXT,
        created_at timestamp(6) not null,
        expires_at timestamp(6),
        is_active boolean not null,
        skip_positions integer not null,
        tier varchar(255) not null check (tier in ('SILVER','GOLD','PLATINUM')),
        user_id bigint not null,
        primary key (priority_id)
    )
2026-04-05T19:58:04.359+05:30 DEBUG 15520 --- [smart-queue-management-system] [           main] org.hibernate.SQL                        : 
    create table queue_history (
        history_id bigint generated by default as identity,
        created_at timestamp(6) not null,
        joined_date date not null,
        priority varchar(255),
        service_duration integer,
        status varchar(255),
        token varchar(255),
        wait_duration integer,
        branch_id bigint not null,
        service_id bigint not null,
        user_id bigint not null,
        primary key (history_id)
    )
2026-04-05T19:58:04.361+05:30 DEBUG 15520 --- [smart-queue-management-system] [           main] org.hibernate.SQL                        : 
    create table queues (
        queue_id bigint generated by default as identity,
        actual_service_duration integer,
        called_time timestamp(6),
        completed_time timestamp(6),
        created_at timestamp(6) not null,
        estimated_wait_time integer,
        joined_time timestamp(6) not null,
        position integer not null,
        priority varchar(255) not null check (priority in ('NORMAL','SILVER','GOLD','PLATINUM')),
        serve_start_time timestamp(6),
        status varchar(255) not null check (status in ('WAITING','CALLED','BEING_SERVED','COMPLETED','CANCELLED')),
        token varchar(255) not null,
        updated_at timestamp(6) not null,
        branch_id bigint not null,
        service_id bigint not null,
        user_id bigint not null,
        primary key (queue_id)
    )
2026-04-05T19:58:04.362+05:30 DEBUG 15520 --- [smart-queue-management-system] [           main] org.hibernate.SQL                        : 
    create table service_counters (
        counter_id bigint generated by default as identity,
        counter_number integer not null,
        created_at timestamp(6) not null,
        current_token varchar(255),
        is_active boolean not null,
        status varchar(255) not null check (status in ('AVAILABLE','BUSY','MAINTENANCE')),
        updated_at timestamp(6) not null,
        branch_id bigint not null,
        service_id bigint not null,
        primary key (counter_id)
    )
2026-04-05T19:58:04.364+05:30 DEBUG 15520 --- [smart-queue-management-system] [           main] org.hibernate.SQL                        : 
    create table services (
        service_id bigint generated by default as identity,
        avg_wait_time integer not null,
        created_at timestamp(6) not null,
        description TEXT,
        icon varchar(255),
        is_active boolean not null,
        name varchar(255) not null,
        primary key (service_id)
    )
2026-04-05T19:58:04.367+05:30 DEBUG 15520 --- [smart-queue-management-system] [           main] org.hibernate.SQL                        : 
    create table user_preferences (
        preference_id bigint generated by default as identity,
        allow_data_collection boolean not null,
        auto_refresh boolean not null,
        created_at timestamp(6) not null,
        email_notifications boolean not null,
        language varchar(255) not null,
        profile_public boolean not null,
        promotions boolean not null,
        queue_updates boolean not null,
        share_analytics boolean not null,
        show_online_status boolean not null,
        sms_notifications boolean not null,
        system_notifications boolean not null,
        theme varchar(255) not null,
        time_format varchar(255) not null,
        updated_at timestamp(6) not null,
        wait_time_alerts boolean not null,
        user_id bigint not null,
        primary key (preference_id)
    )
2026-04-05T19:58:04.368+05:30 DEBUG 15520 --- [smart-queue-management-system] [           main] org.hibernate.SQL                        : 
    create table users (
        user_id bigint generated by default as identity,
        created_at timestamp(6) not null,
        email varchar(255) not null,
        full_name varchar(255) not null,
        is_active boolean not null,
        member_since timestamp(6) not null,
        password varchar(255) not null,
        phone varchar(255) not null,
        updated_at timestamp(6) not null,
        preferred_branch_id bigint,
        primary key (user_id)
    )
2026-04-05T19:58:04.369+05:30 DEBUG 15520 --- [smart-queue-management-system] [           main] org.hibernate.SQL                        : 
    alter table if exists admin_staff 
       drop constraint if exists UK_h3t2hfo7w26lti3p0e48mwpfc
2026-04-05T19:58:04.371+05:30 DEBUG 15520 --- [smart-queue-management-system] [           main] org.hibernate.SQL                        : 
    alter table if exists admin_staff 
       add constraint UK_h3t2hfo7w26lti3p0e48mwpfc unique (email)
2026-04-05T19:58:04.373+05:30 DEBUG 15520 --- [smart-queue-management-system] [           main] org.hibernate.SQL                        : 
    alter table if exists crowd_levels 
       drop constraint if exists UK_9i61gatqui3up3o68rgmnj9xt
2026-04-05T19:58:04.373+05:30 DEBUG 15520 --- [smart-queue-management-system] [           main] org.hibernate.SQL                        : 
    alter table if exists crowd_levels 
       add constraint UK_9i61gatqui3up3o68rgmnj9xt unique (branch_id)
2026-04-05T19:58:04.374+05:30 DEBUG 15520 --- [smart-queue-management-system] [           main] org.hibernate.SQL                        : 
    create index idx_user 
       on notifications (user_id)
2026-04-05T19:58:04.375+05:30 DEBUG 15520 --- [smart-queue-management-system] [           main] org.hibernate.SQL                        : 
    create index idx_read_flag 
       on notifications (read_flag)
2026-04-05T19:58:04.376+05:30 DEBUG 15520 --- [smart-queue-management-system] [           main] org.hibernate.SQL                        : 
    create index idx_created_at 
       on notifications (created_at)
2026-04-05T19:58:04.377+05:30 DEBUG 15520 --- [smart-queue-management-system] [           main] org.hibernate.SQL                        : 
    alter table if exists priority_users 
       drop constraint if exists UK_2kyli5rx7w2vbuwkie80c4abb
2026-04-05T19:58:04.377+05:30 DEBUG 15520 --- [smart-queue-management-system] [           main] org.hibernate.SQL                        : 
    alter table if exists priority_users 
       add constraint UK_2kyli5rx7w2vbuwkie80c4abb unique (user_id)
2026-04-05T19:58:04.378+05:30 DEBUG 15520 --- [smart-queue-management-system] [           main] org.hibernate.SQL                        : 
    create index idx_user_history 
       on queue_history (user_id)
2026-04-05T19:58:04.379+05:30 DEBUG 15520 --- [smart-queue-management-system] [           main] org.hibernate.SQL                        : 
    create index idx_joined_date 
       on queue_history (joined_date)
2026-04-05T19:58:04.379+05:30 DEBUG 15520 --- [smart-queue-management-system] [           main] org.hibernate.SQL                        : 
    create index idx_token 
       on queues (token)
2026-04-05T19:58:04.381+05:30 DEBUG 15520 --- [smart-queue-management-system] [           main] org.hibernate.SQL                        : 
    create index idx_status 
       on queues (status)
2026-04-05T19:58:04.382+05:30 DEBUG 15520 --- [smart-queue-management-system] [           main] org.hibernate.SQL                        : 
    create index idx_branch 
       on queues (branch_id)
2026-04-05T19:58:04.382+05:30 DEBUG 15520 --- [smart-queue-management-system] [           main] org.hibernate.SQL                        : 
    alter table if exists queues 
       drop constraint if exists UK_sjv6c27hclfel8lcf0jqfhgxn
2026-04-05T19:58:04.383+05:30 DEBUG 15520 --- [smart-queue-management-system] [           main] org.hibernate.SQL                        : 
    alter table if exists queues 
       add constraint UK_sjv6c27hclfel8lcf0jqfhgxn unique (token)
2026-04-05T19:58:04.384+05:30 DEBUG 15520 --- [smart-queue-management-system] [           main] org.hibernate.SQL                        : 
    alter table if exists user_preferences 
       drop constraint if exists UK_qy8dkrkc8b34dcgwoq2km43rd
2026-04-05T19:58:04.384+05:30 DEBUG 15520 --- [smart-queue-management-system] [           main] org.hibernate.SQL                        : 
    alter table if exists user_preferences 
       add constraint UK_qy8dkrkc8b34dcgwoq2km43rd unique (user_id)
2026-04-05T19:58:04.385+05:30 DEBUG 15520 --- [smart-queue-management-system] [           main] org.hibernate.SQL                        : 
    alter table if exists users 
       drop constraint if exists UK_6dotkott2kjsp8vw4d0m25fb7
2026-04-05T19:58:04.386+05:30 DEBUG 15520 --- [smart-queue-management-system] [           main] org.hibernate.SQL                        : 
    alter table if exists users 
       add constraint UK_6dotkott2kjsp8vw4d0m25fb7 unique (email)
2026-04-05T19:58:04.386+05:30 DEBUG 15520 --- [smart-queue-management-system] [           main] org.hibernate.SQL                        : 
    alter table if exists admin_staff 
       add constraint FKkih6a79hyu4rq7pipg3tmnu2i 
       foreign key (branch_id) 
       references branches
2026-04-05T19:58:04.391+05:30 DEBUG 15520 --- [smart-queue-management-system] [           main] org.hibernate.SQL                        : 
    alter table if exists branch_services 
       add constraint FKa4qheux836vue5nlhipfhda2a 
       foreign key (service_id) 
       references services
2026-04-05T19:58:04.399+05:30 DEBUG 15520 --- [smart-queue-management-system] [           main] org.hibernate.SQL                        : 
    alter table if exists branch_services 
       add constraint FKobebrs83v3fqn88o2829k67ms 
       foreign key (branch_id) 
       references branches
2026-04-05T19:58:04.400+05:30 DEBUG 15520 --- [smart-queue-management-system] [           main] org.hibernate.SQL                        : 
    alter table if exists crowd_levels 
       add constraint FKsau6yh34aqfhf55n0yqiemwsp 
       foreign key (branch_id) 
       references branches
2026-04-05T19:58:04.401+05:30 DEBUG 15520 --- [smart-queue-management-system] [           main] org.hibernate.SQL                        : 
    alter table if exists notifications 
       add constraint FK1uiehnujawrr1755ly4f1a4o9 
       foreign key (queue_id) 
       references queues
2026-04-05T19:58:04.402+05:30 DEBUG 15520 --- [smart-queue-management-system] [           main] org.hibernate.SQL                        : 
    alter table if exists notifications 
       add constraint FK9y21adhxn0ayjhfocscqox7bh 
       foreign key (user_id) 
       references users
2026-04-05T19:58:04.404+05:30 DEBUG 15520 --- [smart-queue-management-system] [           main] org.hibernate.SQL                        : 
    alter table if exists priority_users 
       add constraint FK68towb9eyb2650dau8lw7yi1q 
       foreign key (user_id) 
       references users
2026-04-05T19:58:04.404+05:30 DEBUG 15520 --- [smart-queue-management-system] [           main] org.hibernate.SQL                        : 
    alter table if exists queue_history 
       add constraint FKnqh8q8gbrbi6mmdqkw9kqdotn 
       foreign key (branch_id) 
       references branches
2026-04-05T19:58:04.405+05:30 DEBUG 15520 --- [smart-queue-management-system] [           main] org.hibernate.SQL                        : 
    alter table if exists queue_history 
       add constraint FKaxi2h8hnsq5suwpvac0dt3ndl 
       foreign key (service_id) 
       references services
2026-04-05T19:58:04.407+05:30 DEBUG 15520 --- [smart-queue-management-system] [           main] org.hibernate.SQL                        : 
    alter table if exists queue_history 
       add constraint FKc90l27987sa9lyhgljiuua0lk 
       foreign key (user_id) 
       references users
2026-04-05T19:58:04.408+05:30 DEBUG 15520 --- [smart-queue-management-system] [           main] org.hibernate.SQL                        : 
    alter table if exists queues 
       add constraint FKji3ei6y4tcrvpfn9e0971qld8 
       foreign key (branch_id) 
       references branches
2026-04-05T19:58:04.409+05:30 DEBUG 15520 --- [smart-queue-management-system] [           main] org.hibernate.SQL                        : 
    alter table if exists queues 
       add constraint FKpm34rj2csmphdtnupxg52ou1e 
       foreign key (service_id) 
       references services
2026-04-05T19:58:04.410+05:30 DEBUG 15520 --- [smart-queue-management-system] [           main] org.hibernate.SQL                        : 
    alter table if exists queues 
       add constraint FKrgkkyfje0ojx2fb54j7483wxo 
       foreign key (user_id) 
       references users
2026-04-05T19:58:04.413+05:30 DEBUG 15520 --- [smart-queue-management-system] [           main] org.hibernate.SQL                        : 
    alter table if exists service_counters 
       add constraint FKoj9oo577rksx3ucb042wpssif 
       foreign key (branch_id) 
       references branches
2026-04-05T19:58:04.414+05:30 DEBUG 15520 --- [smart-queue-management-system] [           main] org.hibernate.SQL                        : 
    alter table if exists service_counters 
       add constraint FKgs1puckcqtltv6olw2mb6gux3 
       foreign key (service_id) 
       references services
2026-04-05T19:58:04.417+05:30 DEBUG 15520 --- [smart-queue-management-system] [           main] org.hibernate.SQL                        : 
    alter table if exists user_preferences 
       add constraint FKepakpib0qnm82vmaiismkqf88 
       foreign key (user_id) 
       references users
2026-04-05T19:58:04.419+05:30 DEBUG 15520 --- [smart-queue-management-system] [           main] org.hibernate.SQL                        : 
    alter table if exists users 
       add constraint FKshj84jmuur1h6g82vwcoj987q 
       foreign key (preferred_branch_id) 
       references branches
2026-04-05T19:58:04.424+05:30  INFO 15520 --- [smart-queue-management-system] [           main] j.LocalContainerEntityManagerFactoryBean : Initialized JPA EntityManagerFactory for persistence unit 'default'
2026-04-05T19:58:05.022+05:30  INFO 15520 --- [smart-queue-management-system] [           main] o.s.d.j.r.query.QueryEnhancerFactory     : Hibernate is in classpath; If applicable, HQL parser will be used.
2026-04-05T19:58:06.206+05:30  WARN 15520 --- [smart-queue-management-system] [           main] JpaBaseConfiguration$JpaWebConfiguration : spring.jpa.open-in-view is enabled by default. Therefore, database queries may be performed during view rendering. Explicitly configure spring.jpa.open-in-view to disable this warning
2026-04-05T19:58:06.378+05:30 DEBUG 15520 --- [smart-queue-management-system] [           main] s.w.s.m.m.a.RequestMappingHandlerMapping : 47 mappings in 'requestMappingHandlerMapping'
2026-04-05T19:58:06.472+05:30 DEBUG 15520 --- [smart-queue-management-system] [           main] s.w.s.m.m.a.RequestMappingHandlerAdapter : ControllerAdvice beans: 0 @ModelAttribute, 0 @InitBinder, 1 RequestBodyAdvice, 1 ResponseBodyAdvice
2026-04-05T19:58:06.544+05:30 DEBUG 15520 --- [smart-queue-management-system] [           main] .m.m.a.ExceptionHandlerExceptionResolver : ControllerAdvice beans: 1 @ExceptionHandler, 1 ResponseBodyAdvice
2026-04-05T19:58:06.875+05:30  WARN 15520 --- [smart-queue-management-system] [           main] ConfigServletWebServerApplicationContext : Exception encountered during context initialization - cancelling refresh attempt: org.springframework.context.ApplicationContextException: Failed to start bean 'webServerStartStop'
2026-04-05T19:58:06.880+05:30  INFO 15520 --- [smart-queue-management-system] [           main] j.LocalContainerEntityManagerFactoryBean : Closing JPA EntityManagerFactory for persistence unit 'default'
2026-04-05T19:58:06.884+05:30  INFO 15520 --- [smart-queue-management-system] [           main] com.zaxxer.hikari.HikariDataSource       : HikariPool-1 - Shutdown initiated...
2026-04-05T19:58:06.887+05:30  INFO 15520 --- [smart-queue-management-system] [           main] com.zaxxer.hikari.HikariDataSource       : HikariPool-1 - Shutdown completed.
2026-04-05T19:58:06.908+05:30  INFO 15520 --- [smart-queue-management-system] [           main] .s.b.a.l.ConditionEvaluationReportLogger : 

Error starting ApplicationContext. To display the condition evaluation report re-run your application with 'debug' enabled.
2026-04-05T19:58:06.933+05:30 ERROR 15520 --- [smart-queue-management-system] [           main] o.s.b.d.LoggingFailureAnalysisReporter   : 

***************************
APPLICATION FAILED TO START
***************************

Description:

Web server failed to start. Port 8080 was already in use.

Action:

Identify and stop the process that's listening on port 8080 or configure this application to listen on another port.

